FULL SYSTEM TEST
---------------
Populating A and B...
Calculating reference values of C...
CWRITE: low word, high word, address 0 | 0 @300 @308
CWRITE: low word, high word, address 0 | 0 @310 @318
CWRITE: low word, high word, address 0 | 0 @320 @328
CWRITE: low word, high word, address 0 | 0 @330 @338
CWRITE: low word, high word, address 0 | 0 @340 @348
CWRITE: low word, high word, address 0 | 0 @350 @358
CWRITE: low word, high word, address 0 | 0 @360 @368
CWRITE: low word, high word, address 0 | 0 @370 @378
data word val, addr: 2ebf7172e56b4c53 | 100
data word val, addr: 7bb4a9c1e4518672 | 200
data word val, addr: d1244816fd2ded2e | 108
data word val, addr: f1f5d5ee1fd399db | 208
data word val, addr: f443755f040af1b8 | 110
data word val, addr: ea47834c206f65b5 | 210
data word val, addr: 8510c5d7d2e307a8 | 118
data word val, addr: efba9a48c20bb273 | 218
data word val, addr: e8bcb269bc40cd96 | 120
data word val, addr: cb38798218a0f9b5 | 220
data word val, addr: b4bc902c51aeedf7 | 128
data word val, addr: 6279e884972a390d | 228
data word val, addr: a7add68824c1335e | 130
data word val, addr: ee0bc5b4ed048c18 | 230
data word val, addr: 62d7be84bac119b | 138
data word val, addr: c5a297a1b5b45d29 | 238
data word val, addr: 8f94c841c7d4c74e | 100
data word val, addr: 392f2d4791de9673 | 200
data word val, addr: 48aacdcc268ddf28 | 108
data word val, addr: b407f13e66c10407 | 208
data word val, addr: 81682a7dbcfce7df | 110
data word val, addr: e624be4886144e3d | 210
data word val, addr: aef2a02556fb5e8f | 118
data word val, addr: a58d2f60d9975f74 | 218
data word val, addr: bfdd14b01a61d826 | 120
data word val, addr: c2dad36296ee6f1f | 220
data word val, addr: aa011159a9bd8341 | 128
data word val, addr: c3856b8838982df9 | 228
data word val, addr: f52659f944c91219 | 130
data word val, addr: 5f3588099b1dc488 | 230
data word val, addr: e1994ab6bbd41dce | 138
data word val, addr: 5c224b2c4db3088a | 238
low word, high word, address ae4e52cc14e44165 | 11954fe3d58f93c7 @300 @308
low word, high word, address 43221a92c3500add | 5670374a4c3bd9f1 @310 @318
low word, high word, address 749d22c933deb7f2 | dda9603dc1c38029 @320 @328
low word, high word, address 5d760e863848eb80 | 801a08b015c09c1e @330 @338
low word, high word, address 20f5e0f174b4d0ef | 914b383a83771e39 @340 @348
low word, high word, address d1fe1470910e29e7 | 1f1c9da4e011e9d @350 @358
low word, high word, address 21c3f6419bd55d83 | 349671151a284e26 @360 @368
low word, high word, address 4580d51fed5f117e | d867047a4e385f68 @370 @378
CWRITE: low word, high word, address 0 | 0 @300 @308
CWRITE: low word, high word, address 0 | 0 @310 @318
CWRITE: low word, high word, address 0 | 0 @320 @328
CWRITE: low word, high word, address 0 | 0 @330 @338
CWRITE: low word, high word, address 0 | 0 @340 @348
CWRITE: low word, high word, address 0 | 0 @350 @358
CWRITE: low word, high word, address 0 | 0 @360 @368
CWRITE: low word, high word, address 0 | 0 @370 @378
data word val, addr: 2ebf7172e56b4c53 | 100
data word val, addr: 673c7fa4a8f46e31 | 200
data word val, addr: d1244816fd2ded2e | 108
data word val, addr: d85de0eece28fc19 | 208
data word val, addr: f443755f040af1b8 | 110
data word val, addr: a0f1288a490e6dd4 | 210
data word val, addr: 8510c5d7d2e307a8 | 118
data word val, addr: 9b220d01f89a0d6d | 218
data word val, addr: e8bcb269bc40cd96 | 120
data word val, addr: f3c223ba87afa1c6 | 220
data word val, addr: b4bc902c51aeedf7 | 128
data word val, addr: f950b6beed9da20e | 228
data word val, addr: a7add68824c1335e | 130
data word val, addr: 8483fbd5a2bb562c | 230
data word val, addr: 62d7be84bac119b | 138
data word val, addr: b540dd16cee09918 | 238
data word val, addr: 8f94c841c7d4c74e | 100
data word val, addr: dfe73e36a80e9c90 | 200
data word val, addr: 48aacdcc268ddf28 | 108
data word val, addr: 7b61e738afbc89fc | 208
data word val, addr: 81682a7dbcfce7df | 110
data word val, addr: 94a3f9ca73a22dc4 | 210
data word val, addr: aef2a02556fb5e8f | 118
data word val, addr: a872262382af5406 | 218
data word val, addr: bfdd14b01a61d826 | 120
data word val, addr: 6057c987f55e094c | 220
data word val, addr: aa011159a9bd8341 | 128
data word val, addr: ace1d85e2657ccc4 | 228
data word val, addr: f52659f944c91219 | 130
data word val, addr: f0df83344e6e9e18 | 230
data word val, addr: e1994ab6bbd41dce | 138
data word val, addr: 6546091e123fa9d6 | 238
low word, high word, address 9026c4d01185ef7e | 6cf3d6e55ac2cfa @300 @308
low word, high word, address 88e5c9652c6df22c | 2c7d3241695ad4e1 @310 @318
low word, high word, address 1d1c098cb3963407 | b4e1a5a56339979c @320 @328
low word, high word, address 29ddf0e78f33f4d | 46ae14c9dbea01d5 @330 @338
low word, high word, address 4a22d91c0d7b599b | 7eec5bd92d081976 @340 @348
low word, high word, address 1f1b7c86131221eb | 25b6a7871ee60753 @350 @358
low word, high word, address fe2f6e0b2fdb251b | 4f8174d31a517246 @360 @368
low word, high word, address f86e95b4a4d52365 | c1c1f8fcb77a4b29 @370 @378
CWRITE: low word, high word, address 0 | 0 @300 @308
CWRITE: low word, high word, address 0 | 0 @310 @318
CWRITE: low word, high word, address 0 | 0 @320 @328
CWRITE: low word, high word, address 0 | 0 @330 @338
CWRITE: low word, high word, address 0 | 0 @340 @348
CWRITE: low word, high word, address 0 | 0 @350 @358
CWRITE: low word, high word, address 0 | 0 @360 @368
CWRITE: low word, high word, address 0 | 0 @370 @378
data word val, addr: f3692900cb2813e8 | 100
data word val, addr: 7bb4a9c1e4518672 | 200
data word val, addr: aaec13881565f55b | 108
data word val, addr: f1f5d5ee1fd399db | 208
data word val, addr: 74ce7952347efee8 | 110
data word val, addr: ea47834c206f65b5 | 210
data word val, addr: 1604995fe6086361 | 118
data word val, addr: efba9a48c20bb273 | 218
data word val, addr: f8ef45ce49360866 | 120
data word val, addr: cb38798218a0f9b5 | 220
data word val, addr: 2e638b7bc3694f76 | 128
data word val, addr: 6279e884972a390d | 228
data word val, addr: cb0e87a57da0d95b | 130
data word val, addr: ee0bc5b4ed048c18 | 230
data word val, addr: 2a61553ca42736e7 | 138
data word val, addr: c5a297a1b5b45d29 | 238
data word val, addr: f3f50624ea715248 | 100
data word val, addr: 392f2d4791de9673 | 200
data word val, addr: 479f6d72328bd097 | 108
data word val, addr: b407f13e66c10407 | 208
data word val, addr: 752c5c5a5c8170a1 | 110
data word val, addr: e624be4886144e3d | 210
data word val, addr: bbc77c7a47a85252 | 118
data word val, addr: a58d2f60d9975f74 | 218
data word val, addr: f1791c828bfb17e0 | 120
data word val, addr: c2dad36296ee6f1f | 220
data word val, addr: 39b6ef5ec2244c51 | 128
data word val, addr: c3856b8838982df9 | 228
data word val, addr: 3016274dc4eeabfa | 130
data word val, addr: 5f3588099b1dc488 | 230
data word val, addr: fa7d957377c4fab9 | 138
data word val, addr: 5c224b2c4db3088a | 238
low word, high word, address c3c0022a091f1bc5 | dfe05990d40c1b0a @300 @308
low word, high word, address 72b33c3a63040c4b | 88e7dba0a1c306b @310 @318
low word, high word, address 42577affdcad85b3 | b0e1cfd8ec44c773 @320 @328
low word, high word, address 3bab64edd66e69e3 | 69f746d853b1e934 @330 @338
low word, high word, address fecb977d72e4c6bc | aa5b3f3157369dd5 @340 @348
low word, high word, address 3667da7ab6effcd9 | cb7102acdbf707fd @350 @358
low word, high word, address df7f2956704e531a | 4a3c7294db9b4c52 @360 @368
low word, high word, address a067f0ce4ef39b75 | eed7437399bfe91f @370 @378
CWRITE: low word, high word, address 0 | 0 @300 @308
CWRITE: low word, high word, address 0 | 0 @310 @318
CWRITE: low word, high word, address 0 | 0 @320 @328
CWRITE: low word, high word, address 0 | 0 @330 @338
CWRITE: low word, high word, address 0 | 0 @340 @348
CWRITE: low word, high word, address 0 | 0 @350 @358
CWRITE: low word, high word, address 0 | 0 @360 @368
CWRITE: low word, high word, address 0 | 0 @370 @378
data word val, addr: f3692900cb2813e8 | 100
data word val, addr: 673c7fa4a8f46e31 | 200
data word val, addr: aaec13881565f55b | 108
data word val, addr: d85de0eece28fc19 | 208
data word val, addr: 74ce7952347efee8 | 110
data word val, addr: a0f1288a490e6dd4 | 210
data word val, addr: 1604995fe6086361 | 118
data word val, addr: 9b220d01f89a0d6d | 218
data word val, addr: f8ef45ce49360866 | 120
data word val, addr: f3c223ba87afa1c6 | 220
data word val, addr: 2e638b7bc3694f76 | 128
data word val, addr: f950b6beed9da20e | 228
data word val, addr: cb0e87a57da0d95b | 130
data word val, addr: 8483fbd5a2bb562c | 230
data word val, addr: 2a61553ca42736e7 | 138
data word val, addr: b540dd16cee09918 | 238
data word val, addr: f3f50624ea715248 | 100
data word val, addr: dfe73e36a80e9c90 | 200
data word val, addr: 479f6d72328bd097 | 108
data word val, addr: 7b61e738afbc89fc | 208
data word val, addr: 752c5c5a5c8170a1 | 110
data word val, addr: 94a3f9ca73a22dc4 | 210
data word val, addr: bbc77c7a47a85252 | 118
data word val, addr: a872262382af5406 | 218
data word val, addr: f1791c828bfb17e0 | 120
data word val, addr: 6057c987f55e094c | 220
data word val, addr: 39b6ef5ec2244c51 | 128
data word val, addr: ace1d85e2657ccc4 | 228
data word val, addr: 3016274dc4eeabfa | 130
data word val, addr: f0df83344e6e9e18 | 230
data word val, addr: fa7d957377c4fab9 | 138
data word val, addr: 6546091e123fa9d6 | 238
low word, high word, address f084c3d3f042c17e | c636bcc0e878cb08 @300 @308
low word, high word, address 274b7ec7cad2577d | 605597c433d5af1b @310 @318
low word, high word, address ad3807d054762fd6 | 28a3f920a020e55c @320 @328
low word, high word, address 19ba41aeff54f5a6 | 2b6068b44ff8f3e5 @330 @338
low word, high word, address 6b41079ae4542371 | f58ee0f6e4400c39 @340 @348
low word, high word, address 6ac30c5d25e0c66e | 377dea3d7efe65e0 @350 @358
low word, high word, address 41387ba962776d71 | 43dce576259e1bb4 @360 @368
low word, high word, address 932d0556018c5635 | fd3f582893ba8787 @370 @378
Calculation finished. Testing values...
row: 0, col: 0 | got: 4165, expected 4165 [OK]
row: 0, col: 1 | got: 14e4, expected 14e4 [OK]
row: 0, col: 2 | got: 52cc, expected 52cc [OK]
row: 0, col: 3 | got: ae4e, expected ae4e [OK]
row: 0, col: 4 | got: 93c7, expected 93c7 [OK]
row: 0, col: 5 | got: d58f, expected d58f [OK]
row: 0, col: 6 | got: 4fe3, expected 4fe3 [OK]
row: 0, col: 7 | got: 1195, expected 1195 [OK]
row: 0, col: 8 | got: ef7e, expected ef7e [OK]
row: 0, col: 9 | got: 1185, expected 1185 [OK]
row: 0, col: 10 | got: c4d0, expected c4d0 [OK]
row: 0, col: 11 | got: 9026, expected 9026 [OK]
row: 0, col: 12 | got: 2cfa, expected 2cfa [OK]
row: 0, col: 13 | got: 55ac, expected 55ac [OK]
row: 0, col: 14 | got: 3d6e, expected 3d6e [OK]
row: 0, col: 15 | got: 6cf, expected 6cf [OK]
row: 1, col: 0 | got: add, expected add [OK]
row: 1, col: 1 | got: c350, expected c350 [OK]
row: 1, col: 2 | got: 1a92, expected 1a92 [OK]
row: 1, col: 3 | got: 4322, expected 4322 [OK]
row: 1, col: 4 | got: d9f1, expected d9f1 [OK]
row: 1, col: 5 | got: 4c3b, expected 4c3b [OK]
row: 1, col: 6 | got: 374a, expected 374a [OK]
row: 1, col: 7 | got: 5670, expected 5670 [OK]
row: 1, col: 8 | got: f22c, expected f22c [OK]
row: 1, col: 9 | got: 2c6d, expected 2c6d [OK]
row: 1, col: 10 | got: c965, expected c965 [OK]
row: 1, col: 11 | got: 88e5, expected 88e5 [OK]
row: 1, col: 12 | got: d4e1, expected d4e1 [OK]
row: 1, col: 13 | got: 695a, expected 695a [OK]
row: 1, col: 14 | got: 3241, expected 3241 [OK]
row: 1, col: 15 | got: 2c7d, expected 2c7d [OK]
row: 2, col: 0 | got: b7f2, expected b7f2 [OK]
row: 2, col: 1 | got: 33de, expected 33de [OK]
row: 2, col: 2 | got: 22c9, expected 22c9 [OK]
row: 2, col: 3 | got: 749d, expected 749d [OK]
row: 2, col: 4 | got: 8029, expected 8029 [OK]
row: 2, col: 5 | got: c1c3, expected c1c3 [OK]
row: 2, col: 6 | got: 603d, expected 603d [OK]
row: 2, col: 7 | got: dda9, expected dda9 [OK]
row: 2, col: 8 | got: 3407, expected 3407 [OK]
row: 2, col: 9 | got: b396, expected b396 [OK]
row: 2, col: 10 | got: 98c, expected 98c [OK]
row: 2, col: 11 | got: 1d1c, expected 1d1c [OK]
row: 2, col: 12 | got: 979c, expected 979c [OK]
row: 2, col: 13 | got: 6339, expected 6339 [OK]
row: 2, col: 14 | got: a5a5, expected a5a5 [OK]
row: 2, col: 15 | got: b4e1, expected b4e1 [OK]
row: 3, col: 0 | got: eb80, expected eb80 [OK]
row: 3, col: 1 | got: 3848, expected 3848 [OK]
row: 3, col: 2 | got: e86, expected e86 [OK]
row: 3, col: 3 | got: 5d76, expected 5d76 [OK]
row: 3, col: 4 | got: 9c1e, expected 9c1e [OK]
row: 3, col: 5 | got: 15c0, expected 15c0 [OK]
row: 3, col: 6 | got: 8b0, expected 8b0 [OK]
row: 3, col: 7 | got: 801a, expected 801a [OK]
row: 3, col: 8 | got: 3f4d, expected 3f4d [OK]
row: 3, col: 9 | got: 78f3, expected 78f3 [OK]
row: 3, col: 10 | got: df0e, expected df0e [OK]
row: 3, col: 11 | got: 29d, expected 29d [OK]
row: 3, col: 12 | got: 1d5, expected 1d5 [OK]
row: 3, col: 13 | got: dbea, expected dbea [OK]
row: 3, col: 14 | got: 14c9, expected 14c9 [OK]
row: 3, col: 15 | got: 46ae, expected 46ae [OK]
row: 4, col: 0 | got: d0ef, expected d0ef [OK]
row: 4, col: 1 | got: 74b4, expected 74b4 [OK]
row: 4, col: 2 | got: e0f1, expected e0f1 [OK]
row: 4, col: 3 | got: 20f5, expected 20f5 [OK]
row: 4, col: 4 | got: 1e39, expected 1e39 [OK]
row: 4, col: 5 | got: 8377, expected 8377 [OK]
row: 4, col: 6 | got: 383a, expected 383a [OK]
row: 4, col: 7 | got: 914b, expected 914b [OK]
row: 4, col: 8 | got: 599b, expected 599b [OK]
row: 4, col: 9 | got: d7b, expected d7b [OK]
row: 4, col: 10 | got: d91c, expected d91c [OK]
row: 4, col: 11 | got: 4a22, expected 4a22 [OK]
row: 4, col: 12 | got: 1976, expected 1976 [OK]
row: 4, col: 13 | got: 2d08, expected 2d08 [OK]
row: 4, col: 14 | got: 5bd9, expected 5bd9 [OK]
row: 4, col: 15 | got: 7eec, expected 7eec [OK]
row: 5, col: 0 | got: 29e7, expected 29e7 [OK]
row: 5, col: 1 | got: 910e, expected 910e [OK]
row: 5, col: 2 | got: 1470, expected 1470 [OK]
row: 5, col: 3 | got: d1fe, expected d1fe [OK]
row: 5, col: 4 | got: 1e9d, expected 1e9d [OK]
row: 5, col: 5 | got: 4e01, expected 4e01 [OK]
row: 5, col: 6 | got: c9da, expected c9da [OK]
row: 5, col: 7 | got: 1f1, expected 1f1 [OK]
row: 5, col: 8 | got: 21eb, expected 21eb [OK]
row: 5, col: 9 | got: 1312, expected 1312 [OK]
row: 5, col: 10 | got: 7c86, expected 7c86 [OK]
row: 5, col: 11 | got: 1f1b, expected 1f1b [OK]
row: 5, col: 12 | got: 753, expected 753 [OK]
row: 5, col: 13 | got: 1ee6, expected 1ee6 [OK]
row: 5, col: 14 | got: a787, expected a787 [OK]
row: 5, col: 15 | got: 25b6, expected 25b6 [OK]
row: 6, col: 0 | got: 5d83, expected 5d83 [OK]
row: 6, col: 1 | got: 9bd5, expected 9bd5 [OK]
row: 6, col: 2 | got: f641, expected f641 [OK]
row: 6, col: 3 | got: 21c3, expected 21c3 [OK]
row: 6, col: 4 | got: 4e26, expected 4e26 [OK]
row: 6, col: 5 | got: 1a28, expected 1a28 [OK]
row: 6, col: 6 | got: 7115, expected 7115 [OK]
row: 6, col: 7 | got: 3496, expected 3496 [OK]
row: 6, col: 8 | got: 251b, expected 251b [OK]
row: 6, col: 9 | got: 2fdb, expected 2fdb [OK]
row: 6, col: 10 | got: 6e0b, expected 6e0b [OK]
row: 6, col: 11 | got: fe2f, expected fe2f [OK]
row: 6, col: 12 | got: 7246, expected 7246 [OK]
row: 6, col: 13 | got: 1a51, expected 1a51 [OK]
row: 6, col: 14 | got: 74d3, expected 74d3 [OK]
row: 6, col: 15 | got: 4f81, expected 4f81 [OK]
row: 7, col: 0 | got: 117e, expected 117e [OK]
row: 7, col: 1 | got: ed5f, expected ed5f [OK]
row: 7, col: 2 | got: d51f, expected d51f [OK]
row: 7, col: 3 | got: 4580, expected 4580 [OK]
row: 7, col: 4 | got: 5f68, expected 5f68 [OK]
row: 7, col: 5 | got: 4e38, expected 4e38 [OK]
row: 7, col: 6 | got: 47a, expected 47a [OK]
row: 7, col: 7 | got: d867, expected d867 [OK]
row: 7, col: 8 | got: 2365, expected 2365 [OK]
row: 7, col: 9 | got: a4d5, expected a4d5 [OK]
row: 7, col: 10 | got: 95b4, expected 95b4 [OK]
row: 7, col: 11 | got: f86e, expected f86e [OK]
row: 7, col: 12 | got: 4b29, expected 4b29 [OK]
row: 7, col: 13 | got: b77a, expected b77a [OK]
row: 7, col: 14 | got: f8fc, expected f8fc [OK]
row: 7, col: 15 | got: c1c1, expected c1c1 [OK]
row: 8, col: 0 | got: 1bc5, expected 1bc5 [OK]
row: 8, col: 1 | got: 91f, expected 91f [OK]
row: 8, col: 2 | got: 22a, expected 22a [OK]
row: 8, col: 3 | got: c3c0, expected c3c0 [OK]
row: 8, col: 4 | got: 1b0a, expected 1b0a [OK]
row: 8, col: 5 | got: d40c, expected d40c [OK]
row: 8, col: 6 | got: 5990, expected 5990 [OK]
row: 8, col: 7 | got: dfe0, expected dfe0 [OK]
row: 8, col: 8 | got: c17e, expected c17e [OK]
row: 8, col: 9 | got: f042, expected f042 [OK]
row: 8, col: 10 | got: c3d3, expected c3d3 [OK]
row: 8, col: 11 | got: f084, expected f084 [OK]
row: 8, col: 12 | got: cb08, expected cb08 [OK]
row: 8, col: 13 | got: e878, expected e878 [OK]
row: 8, col: 14 | got: bcc0, expected bcc0 [OK]
row: 8, col: 15 | got: c636, expected c636 [OK]
row: 9, col: 0 | got: c4b, expected c4b [OK]
row: 9, col: 1 | got: 6304, expected 6304 [OK]
row: 9, col: 2 | got: 3c3a, expected 3c3a [OK]
row: 9, col: 3 | got: 72b3, expected 72b3 [OK]
row: 9, col: 4 | got: 306b, expected 306b [OK]
row: 9, col: 5 | got: a1c, expected a1c [OK]
row: 9, col: 6 | got: 7dba, expected 7dba [OK]
row: 9, col: 7 | got: 88e, expected 88e [OK]
row: 9, col: 8 | got: 577d, expected 577d [OK]
row: 9, col: 9 | got: cad2, expected cad2 [OK]
row: 9, col: 10 | got: 7ec7, expected 7ec7 [OK]
row: 9, col: 11 | got: 274b, expected 274b [OK]
row: 9, col: 12 | got: af1b, expected af1b [OK]
row: 9, col: 13 | got: 33d5, expected 33d5 [OK]
row: 9, col: 14 | got: 97c4, expected 97c4 [OK]
row: 9, col: 15 | got: 6055, expected 6055 [OK]
row: 10, col: 0 | got: 85b3, expected 85b3 [OK]
row: 10, col: 1 | got: dcad, expected dcad [OK]
row: 10, col: 2 | got: 7aff, expected 7aff [OK]
row: 10, col: 3 | got: 4257, expected 4257 [OK]
row: 10, col: 4 | got: c773, expected c773 [OK]
row: 10, col: 5 | got: ec44, expected ec44 [OK]
row: 10, col: 6 | got: cfd8, expected cfd8 [OK]
row: 10, col: 7 | got: b0e1, expected b0e1 [OK]
row: 10, col: 8 | got: 2fd6, expected 2fd6 [OK]
row: 10, col: 9 | got: 5476, expected 5476 [OK]
row: 10, col: 10 | got: 7d0, expected 7d0 [OK]
row: 10, col: 11 | got: ad38, expected ad38 [OK]
row: 10, col: 12 | got: e55c, expected e55c [OK]
row: 10, col: 13 | got: a020, expected a020 [OK]
row: 10, col: 14 | got: f920, expected f920 [OK]
row: 10, col: 15 | got: 28a3, expected 28a3 [OK]
row: 11, col: 0 | got: 69e3, expected 69e3 [OK]
row: 11, col: 1 | got: d66e, expected d66e [OK]
row: 11, col: 2 | got: 64ed, expected 64ed [OK]
row: 11, col: 3 | got: 3bab, expected 3bab [OK]
row: 11, col: 4 | got: e934, expected e934 [OK]
row: 11, col: 5 | got: 53b1, expected 53b1 [OK]
row: 11, col: 6 | got: 46d8, expected 46d8 [OK]
row: 11, col: 7 | got: 69f7, expected 69f7 [OK]
row: 11, col: 8 | got: f5a6, expected f5a6 [OK]
row: 11, col: 9 | got: ff54, expected ff54 [OK]
row: 11, col: 10 | got: 41ae, expected 41ae [OK]
row: 11, col: 11 | got: 19ba, expected 19ba [OK]
row: 11, col: 12 | got: f3e5, expected f3e5 [OK]
row: 11, col: 13 | got: 4ff8, expected 4ff8 [OK]
row: 11, col: 14 | got: 68b4, expected 68b4 [OK]
row: 11, col: 15 | got: 2b60, expected 2b60 [OK]
row: 12, col: 0 | got: c6bc, expected c6bc [OK]
row: 12, col: 1 | got: 72e4, expected 72e4 [OK]
row: 12, col: 2 | got: 977d, expected 977d [OK]
row: 12, col: 3 | got: fecb, expected fecb [OK]
row: 12, col: 4 | got: 9dd5, expected 9dd5 [OK]
row: 12, col: 5 | got: 5736, expected 5736 [OK]
row: 12, col: 6 | got: 3f31, expected 3f31 [OK]
row: 12, col: 7 | got: aa5b, expected aa5b [OK]
row: 12, col: 8 | got: 2371, expected 2371 [OK]
row: 12, col: 9 | got: e454, expected e454 [OK]
row: 12, col: 10 | got: 79a, expected 79a [OK]
row: 12, col: 11 | got: 6b41, expected 6b41 [OK]
row: 12, col: 12 | got: c39, expected c39 [OK]
row: 12, col: 13 | got: e440, expected e440 [OK]
row: 12, col: 14 | got: e0f6, expected e0f6 [OK]
row: 12, col: 15 | got: f58e, expected f58e [OK]
row: 13, col: 0 | got: fcd9, expected fcd9 [OK]
row: 13, col: 1 | got: b6ef, expected b6ef [OK]
row: 13, col: 2 | got: da7a, expected da7a [OK]
row: 13, col: 3 | got: 3667, expected 3667 [OK]
row: 13, col: 4 | got: 7fd, expected 7fd [OK]
row: 13, col: 5 | got: dbf7, expected dbf7 [OK]
row: 13, col: 6 | got: 2ac, expected 2ac [OK]
row: 13, col: 7 | got: cb71, expected cb71 [OK]
row: 13, col: 8 | got: c66e, expected c66e [OK]
row: 13, col: 9 | got: 25e0, expected 25e0 [OK]
row: 13, col: 10 | got: c5d, expected c5d [OK]
row: 13, col: 11 | got: 6ac3, expected 6ac3 [OK]
row: 13, col: 12 | got: 65e0, expected 65e0 [OK]
row: 13, col: 13 | got: 7efe, expected 7efe [OK]
row: 13, col: 14 | got: ea3d, expected ea3d [OK]
row: 13, col: 15 | got: 377d, expected 377d [OK]
row: 14, col: 0 | got: 531a, expected 531a [OK]
row: 14, col: 1 | got: 704e, expected 704e [OK]
row: 14, col: 2 | got: 2956, expected 2956 [OK]
row: 14, col: 3 | got: df7f, expected df7f [OK]
row: 14, col: 4 | got: 4c52, expected 4c52 [OK]
row: 14, col: 5 | got: db9b, expected db9b [OK]
row: 14, col: 6 | got: 7294, expected 7294 [OK]
row: 14, col: 7 | got: 4a3c, expected 4a3c [OK]
row: 14, col: 8 | got: 6d71, expected 6d71 [OK]
row: 14, col: 9 | got: 6277, expected 6277 [OK]
row: 14, col: 10 | got: 7ba9, expected 7ba9 [OK]
row: 14, col: 11 | got: 4138, expected 4138 [OK]
row: 14, col: 12 | got: 1bb4, expected 1bb4 [OK]
row: 14, col: 13 | got: 259e, expected 259e [OK]
row: 14, col: 14 | got: e576, expected e576 [OK]
row: 14, col: 15 | got: 43dc, expected 43dc [OK]
row: 15, col: 0 | got: 9b75, expected 9b75 [OK]
row: 15, col: 1 | got: 4ef3, expected 4ef3 [OK]
row: 15, col: 2 | got: f0ce, expected f0ce [OK]
row: 15, col: 3 | got: a067, expected a067 [OK]
row: 15, col: 4 | got: e91f, expected e91f [OK]
row: 15, col: 5 | got: 99bf, expected 99bf [OK]
row: 15, col: 6 | got: 4373, expected 4373 [OK]
row: 15, col: 7 | got: eed7, expected eed7 [OK]
row: 15, col: 8 | got: 5635, expected 5635 [OK]
row: 15, col: 9 | got: 18c, expected 18c [OK]
row: 15, col: 10 | got: 556, expected 556 [OK]
row: 15, col: 11 | got: 932d, expected 932d [OK]
row: 15, col: 12 | got: 8787, expected 8787 [OK]
row: 15, col: 13 | got: 93ba, expected 93ba [OK]
row: 15, col: 14 | got: 5828, expected 5828 [OK]
row: 15, col: 15 | got: fd3f, expected fd3f [OK]
All tests passed. No errors detected.
tops rate: 0.000064 tops/sec, compute tops rate: 0.004888 tops/sec
