
Warning-[LINX_KRNL] Unsupported Linux kernel
  Linux kernel '2.6.69-15-amd64' is not supported.
  Supported versions are 2.4* or 2.6*.


Warning-[DEBUG_DEP] Option will be deprecated
  The option '-debug_pp' will be deprecated in a future release.  Please use 
  '-debug_acc+pp+dmptf -debug_region+cell+encrypt' instead.

Command: vcs -full64 -nc -V +vcs+lic+wait -full64 -debug_pp -Mupdate -lca -j 4 -l \
vcs_elab.log +vhdllib+work -Mlib=work +lint=TFIPC-L -override_timescale=1ps/1ps -o \
work/ase_simv ase_top work/ase_libs.so -lrt -lpthread
/cae/apps/data/synopsys-2020/vcs/Q-2020.03-SP1/linux64/bin/comelab -nc -unielab -nc -verbose -lca -output vcs_elab.log -override_timescale 1ps/1ps -exe work/ase_simv -picarchive -debug 1 -uum   -ldlibs work/ase_libs.so -lrt -lpthread  -mxuumtop ase_top  -verilogcomp  -full64 -nc -V +vcs+lic+wait -full64 -debug_pp -Mupdate -lca -j 4 -l vcs_elab.log +vhdllib+work -Mlib=work +lint=TFIPC-L -override_timescale=1ps/1ps -o work/ase_simv work/ase_libs.so -lrt -lpthread -uum   -elaboration_options /tmp/vcs_20210429052426_2204860/elaboptfile_2204860

Warning-[LCA_FEATURES_ENABLED] Usage warning
  LCA features enabled by '-lca' argument on the command line.  For more 
  information regarding list of LCA features please refer to Chapter "LCA 
  features" in the VCS Release Notes

Doing common elaboration 

Warning-[LINX_KRNL] Unsupported Linux kernel
  Linux kernel '2.6.69-15-amd64' is not supported.
  Supported versions are 2.4* or 2.6*.


Warning-[DEBUG_DEP] Option will be deprecated
  The option '-debug_pp' will be deprecated in a future release.  Please use 
  '-debug_acc+pp+dmptf -debug_region+cell+encrypt' instead.

/cae/apps/data/synopsys-2020/vcs/Q-2020.03-SP1/linux64/bin/vcs1 -Mcc=gcc -Mcplusplus=g++ \
-Masflags= -Mcfl= -pipe -fPIC -O -I/cae/apps/data/synopsys-2020/vcs/Q-2020.03-SP1/include \
-Mxllcflags= -Mxcflags= -pipe -fPIC -I/cae/apps/data/synopsys-2020/vcs/Q-2020.03-SP1/include \
-Mldflags=-L/usr/lib/x86_64-linux-gnu -L/lib/x86_64-linux-gnu -Wl,--no-as-needed \
-rdynamic  -Mout=work/ase_simv -Mamsrun="" -Mvcsaceobjs="" -Mobjects=" /cae/apps/data/synopsys-2020/vcs/Q-2020.03-SP1/linux64/lib/liberrorinf.so \
/cae/apps/data/synopsys-2020/vcs/Q-2020.03-SP1/linux64/lib/libsnpsmalloc.so /cae/apps/data/synopsys-2020/vcs/Q-2020.03-SP1/linux64/lib/libvfs.so \
/filespace/c/chenke/RGBSetMeFree/project/sim/work/ase_libs.so -lrt -lpthread " -Mexternalobj= \
-Msaverestoreobj=/cae/apps/data/synopsys-2020/vcs/Q-2020.03-SP1/linux64/lib/vcs_save_restore_new.o \
-Mcrt0= -Mcrtn="" -Mcsrc="" -Mupdate -Mlib=work -Msyslibs=-ldl  -l vcs_elab.log -uum \
ase_top -mxunielab -uni_make -full64 -nc -V +vcs+lic+wait -full64 -Xcbug=0x1 -lca \
-j4 +vhdllib+work +lint=TFIPC-L -override_timescale=1ps/1ps -o work/ase_simv -uum \
-elaboration_options=/tmp/vcs_20210429052426_2204860/elaboptfile_2204860 -full64 \
-picarchive +vcsd +itf+/cae/apps/data/synopsys-2020/vcs/Q-2020.03-SP1/linux64/lib/vcsdp.tab \
+cli+1 -debug=1 +memcbk +vpi -VHDLelab=-mxunielab -uni_make -nc -nc -verbose -lca \
-override_timescale 1ps/1ps -exe work/ase_simv -uum -elaboration_options /tmp/vcs_20210429052426_2204860/elaboptfile_2204860 \
-picarchive -debug 1  -gen_obj -f work/ase_simv.daidir/mxopt.db  
Top Level Modules:
       ase_top

Error-[SV-UIP1] Unconnected interface port
/filespace/c/chenke/RGBSetMeFree/project/hw/afu.sv, 55
"mmio"
  The port 'mmio' of module 'afu' whose type is interface 'mmio_if' is left 
  unconnected. It is illegal to leave the interface ports unconnected.
  The interface instance is 'afu' in file 
  /filespace/c/chenke/RGBSetMeFree/project/hw/ccip_std_afu.sv at line 91.
  Please make sure that all the interface ports are connected.


Error-[SV-UIP1] Unconnected interface port
/filespace/c/chenke/RGBSetMeFree/project/hw/afu.sv, 56
"dma"
  The port 'dma' of module 'afu' whose type is interface 'dma_if' is left 
  unconnected. It is illegal to leave the interface ports unconnected.
  The interface instance is 'afu' in file 
  /filespace/c/chenke/RGBSetMeFree/project/hw/ccip_std_afu.sv at line 91.
  Please make sure that all the interface ports are connected.

2 errors

 common elaboration failed
