
Warning-[LINX_KRNL] Unsupported Linux kernel
  Linux kernel '2.6.69-15-amd64' is not supported.
  Supported versions are 2.4* or 2.6*.

Command: vlogan -full64 -nc -V -full64 +v2k -sverilog +define+VCS +incdir+ +librescan \
-work work -override_timescale=1ps/1ps +define+FPGA_PLATFORM_INTG_XEON +lint=all,noVCDE,noNS,NCEID,CAWM,TFIPC,IPDP,PCWM \
/cae/apps/data/quartus-current/quartus/../ip/altera/sopc_builder_ip/verification/lib/verbosity_pkg.sv \
/cae/apps/data/quartus-current/quartus/../ip/altera/sopc_builder_ip/verification/lib/avalon_mm_pkg.sv \
/cae/apps/data/quartus-current/quartus/../ip/altera/sopc_builder_ip/verification/lib/avalon_utilities_pkg.sv \
/cae/apps/data/quartus-current/quartus/../ip/altera/sopc_builder_ip/verification/altera_avalon_mm_slave_bfm/altera_avalon_mm_slave_bfm.sv \
-F /filespace/c/chenke/RGBSetMeFree/project/sim/rtl/sources.txt -l vlogan-ase.log \

/cae/apps/data/synopsys-2020/vcs/Q-2020.03-SP1/linux64/bin/vcs1 -Mcc=gcc -Mcplusplus=g++ \
-Masflags= -Mcfl= -pipe -O -I/cae/apps/data/synopsys-2020/vcs/Q-2020.03-SP1/include \
-Mldflags= -Wl,-E,-rpath /cae/apps/data/synopsys-2020/vcs/Q-2020.03-SP1/linux64/lib \
-Mout=simv -Mamsrun="" -Mvcsaceobjs="" -Mobjects=" " -Msaverestoreobj= -Mcrt0= -Mcrtn="" \
-Mcsrc="" -Msyslibs=-L/usr/X11R6/lib64 -lX11 -ldl -ldl  -l vlogan-ase.log -Xvlogan=0x1 \
-full64 -nc -V -full64 +v2k -sverilog +define+VCS +incdir+ +librescan -work=work \
-override_timescale=1ps/1ps +define+FPGA_PLATFORM_INTG_XEON +lint=all,noVCDE,noNS,NCEID,CAWM,TFIPC,IPDP,PCWM \
/cae/apps/data/quartus-current/quartus/../ip/altera/sopc_builder_ip/verification/lib/verbosity_pkg.sv \
/cae/apps/data/quartus-current/quartus/../ip/altera/sopc_builder_ip/verification/lib/avalon_mm_pkg.sv \
/cae/apps/data/quartus-current/quartus/../ip/altera/sopc_builder_ip/verification/lib/avalon_utilities_pkg.sv \
/cae/apps/data/quartus-current/quartus/../ip/altera/sopc_builder_ip/verification/altera_avalon_mm_slave_bfm/altera_avalon_mm_slave_bfm.sv \
-F /filespace/c/chenke/RGBSetMeFree/project/sim/rtl/sources.txt +mixedhdl2  

Warning-[BMII] Bad message id
  Message id 'CAWM' specified after '+lint' is not a lint message ID, ignored.


################# <-file/-f contents> ########################
-F /filespace/c/chenke/RGBSetMeFree/project/sim/rtl/sources.txt
        -F platform_if_addenda.txt // No such file or directory
        +incdir+.
        ase_pkg.sv
        outoforder_wrf_channel.sv
        inorder_wrf_channel.sv
        latency_pipe.sv
        ccip_emulator.sv
        ase_svfifo.sv
        ccip_logger.sv
        ccip_checker.sv
        ase_top.sv

################# <-file/-f ends> ########################

Parsing design file '/cae/apps/data/quartus-current/quartus/../ip/altera/sopc_builder_ip/verification/lib/verbosity_pkg.sv'
Parsing design file '/cae/apps/data/quartus-current/quartus/../ip/altera/sopc_builder_ip/verification/lib/avalon_mm_pkg.sv'
Parsing design file '/cae/apps/data/quartus-current/quartus/../ip/altera/sopc_builder_ip/verification/lib/avalon_utilities_pkg.sv'
Parsing design file '/cae/apps/data/quartus-current/quartus/../ip/altera/sopc_builder_ip/verification/altera_avalon_mm_slave_bfm/altera_avalon_mm_slave_bfm.sv'
Parsing design file '/filespace/c/chenke/opae/share/opae/platform/platform_if/sim/../rtl/device_if/ccip_if_pkg.sv'
Parsing design file '/filespace/c/chenke/opae/share/opae/platform/platform_if/sim/../rtl/device_cfg/ccip_cfg_pkg.sv'
Parsing included file '/filespace/c/chenke/RGBSetMeFree/project/sim/rtl/./platform_afu_top_config.vh'.
Back to file '/filespace/c/chenke/opae/share/opae/platform/platform_if/sim/../rtl/device_cfg/ccip_cfg_pkg.sv'.
Parsing design file '/filespace/c/chenke/opae/share/opae/platform/platform_if/sim/../rtl/device_cfg/hssi_cfg_pkg.sv'
Parsing included file '/filespace/c/chenke/RGBSetMeFree/project/sim/rtl/./platform_afu_top_config.vh'.
Back to file '/filespace/c/chenke/opae/share/opae/platform/platform_if/sim/../rtl/device_cfg/hssi_cfg_pkg.sv'.
Parsing design file '/filespace/c/chenke/opae/share/opae/platform/platform_if/sim/../rtl/device_cfg/local_mem_cfg_pkg.sv'
Parsing included file '/filespace/c/chenke/RGBSetMeFree/project/sim/rtl/./platform_afu_top_config.vh'.
Back to file '/filespace/c/chenke/opae/share/opae/platform/platform_if/sim/../rtl/device_cfg/local_mem_cfg_pkg.sv'.
Parsing design file '/filespace/c/chenke/opae/share/opae/platform/platform_if/sim/../rtl/device_if/ccip_if_clock.sv'
Parsing included file '/filespace/c/chenke/opae/share/opae/platform/platform_if/sim/../rtl/platform_if.vh'.
Parsing included file '/filespace/c/chenke/RGBSetMeFree/project/sim/rtl/./platform_afu_top_config.vh'.
Back to file '/filespace/c/chenke/opae/share/opae/platform/platform_if/sim/../rtl/platform_if.vh'.
Parsing included file '/filespace/c/chenke/opae/share/opae/platform/platform_if/sim/../rtl/platform_if_macros.vh'.
Back to file '/filespace/c/chenke/opae/share/opae/platform/platform_if/sim/../rtl/platform_if.vh'.
Parsing included file '/filespace/c/chenke/opae/share/opae/platform/platform_if/sim/../rtl/device_if/device_if.vh'.

Lint-[SV-PIU] Package import statement in $unit scope.
/filespace/c/chenke/opae/share/opae/platform/platform_if/sim/../rtl/device_if/device_if.vh, 38
$unit
  There is an import statement in $unit scope.
  Although this is legal as per the SystemVerilog LRM, it means that package 
  content will be shared without explicit import of the package.
  Package: ccip_if_pkg::*

Parsing included file '/filespace/c/chenke/opae/share/opae/platform/platform_if/sim/../rtl/device_if/avalon_mem_if.vh'.
Back to file '/filespace/c/chenke/opae/share/opae/platform/platform_if/sim/../rtl/device_if/device_if.vh'.
Back to file '/filespace/c/chenke/opae/share/opae/platform/platform_if/sim/../rtl/platform_if.vh'.
Back to file '/filespace/c/chenke/opae/share/opae/platform/platform_if/sim/../rtl/device_if/ccip_if_clock.sv'.
Parsing design file '/filespace/c/chenke/opae/share/opae/platform/platform_if/sim/../rtl/platform_shims/platform_shim_ccip_std_afu.sv'
Parsing included file '/filespace/c/chenke/opae/share/opae/platform/platform_if/sim/../rtl/platform_if.vh'.
Back to file '/filespace/c/chenke/opae/share/opae/platform/platform_if/sim/../rtl/platform_shims/platform_shim_ccip_std_afu.sv'.
Parsing design file '/filespace/c/chenke/opae/share/opae/platform/platform_if/sim/../rtl/platform_shims/platform_shim_ccip.sv'
Parsing included file '/filespace/c/chenke/opae/share/opae/platform/platform_if/sim/../rtl/platform_if.vh'.
Back to file '/filespace/c/chenke/opae/share/opae/platform/platform_if/sim/../rtl/platform_shims/platform_shim_ccip.sv'.
Parsing design file '/filespace/c/chenke/opae/share/opae/platform/platform_if/sim/../rtl/platform_shims/platform_shim_avalon_mem_if.sv'
Parsing included file '/filespace/c/chenke/opae/share/opae/platform/platform_if/sim/../rtl/platform_if.vh'.
Back to file '/filespace/c/chenke/opae/share/opae/platform/platform_if/sim/../rtl/platform_shims/platform_shim_avalon_mem_if.sv'.
Parsing design file '/filespace/c/chenke/opae/share/opae/platform/platform_if/sim/../rtl/platform_shims/utils/avalon_mem_if_async_shim.sv'
Parsing included file '/filespace/c/chenke/opae/share/opae/platform/platform_if/sim/../rtl/platform_if.vh'.
Back to file '/filespace/c/chenke/opae/share/opae/platform/platform_if/sim/../rtl/platform_shims/utils/avalon_mem_if_async_shim.sv'.
Parsing design file '/filespace/c/chenke/opae/share/opae/platform/platform_if/sim/../rtl/platform_shims/utils/avalon_mem_if_connect.sv'
Parsing design file '/filespace/c/chenke/opae/share/opae/platform/platform_if/sim/../rtl/platform_shims/utils/avalon_mem_if_reg.sv'
Parsing included file '/filespace/c/chenke/opae/share/opae/platform/platform_if/sim/../rtl/platform_if.vh'.
Back to file '/filespace/c/chenke/opae/share/opae/platform/platform_if/sim/../rtl/platform_shims/utils/avalon_mem_if_reg.sv'.
Parsing design file '/filespace/c/chenke/opae/share/opae/platform/platform_if/sim/../rtl/platform_shims/utils/avalon_mem_if_reg_simple.sv'
Parsing included file '/filespace/c/chenke/opae/share/opae/platform/platform_if/sim/../rtl/platform_if.vh'.
Back to file '/filespace/c/chenke/opae/share/opae/platform/platform_if/sim/../rtl/platform_shims/utils/avalon_mem_if_reg_simple.sv'.
Parsing design file '/filespace/c/chenke/opae/share/opae/platform/platform_if/sim/../rtl/platform_shims/utils/platform_utils_ccip_activity_cnt.sv'

Lint-[SV-PIU] Package import statement in $unit scope.
/filespace/c/chenke/opae/share/opae/platform/platform_if/sim/../rtl/platform_shims/utils/platform_utils_ccip_activity_cnt.sv, 36
$unit
  There is an import statement in $unit scope.
  Although this is legal as per the SystemVerilog LRM, it means that package 
  content will be shared without explicit import of the package.
  Package: ccip_if_pkg::*


Note-[SV-LCM-PPWI] Package previously wildcard imported
/filespace/c/chenke/opae/share/opae/platform/platform_if/sim/../rtl/platform_shims/utils/platform_utils_ccip_activity_cnt.sv, 36
$unit
  Package 'ccip_if_pkg' already wildcard imported. 
  Ignoring ccip_if_pkg::*
  See the SystemVerilog LRM(1800-2005), section 19.2.1.

Parsing design file '/filespace/c/chenke/opae/share/opae/platform/platform_if/sim/../rtl/platform_shims/utils/platform_utils_ccip_async_shim.sv'
Parsing included file '/filespace/c/chenke/opae/share/opae/platform/platform_if/sim/../rtl/platform_if.vh'.
Back to file '/filespace/c/chenke/opae/share/opae/platform/platform_if/sim/../rtl/platform_shims/utils/platform_utils_ccip_async_shim.sv'.
Parsing design file '/filespace/c/chenke/opae/share/opae/platform/platform_if/sim/../rtl/platform_shims/utils/platform_utils_ccip_reg.sv'

Lint-[SV-PIU] Package import statement in $unit scope.
/filespace/c/chenke/opae/share/opae/platform/platform_if/sim/../rtl/platform_shims/utils/platform_utils_ccip_reg.sv, 35
$unit
  There is an import statement in $unit scope.
  Although this is legal as per the SystemVerilog LRM, it means that package 
  content will be shared without explicit import of the package.
  Package: ccip_if_pkg::*


Note-[SV-LCM-PPWI] Package previously wildcard imported
/filespace/c/chenke/opae/share/opae/platform/platform_if/sim/../rtl/platform_shims/utils/platform_utils_ccip_reg.sv, 35
$unit
  Package 'ccip_if_pkg' already wildcard imported. 
  Ignoring ccip_if_pkg::*
  See the SystemVerilog LRM(1800-2005), section 19.2.1.

Parsing design file '/filespace/c/chenke/opae/share/opae/platform/platform_if/sim/../rtl/platform_shims/utils/quartus_ip/platform_utils_avalon_dc_fifo.v'
Parsing design file '/filespace/c/chenke/opae/share/opae/platform/platform_if/sim/../rtl/platform_shims/utils/quartus_ip/platform_utils_avalon_mm_clock_crossing_bridge.v'
Parsing design file '/filespace/c/chenke/opae/share/opae/platform/platform_if/sim/../rtl/platform_shims/utils/quartus_ip/platform_utils_avalon_mm_bridge.v'
Parsing design file '/filespace/c/chenke/opae/share/opae/platform/platform_if/sim/../rtl/platform_shims/utils/quartus_ip/platform_utils_dc_fifo.sv'
Parsing design file '/filespace/c/chenke/opae/share/opae/platform/platform_if/sim/../rtl/platform_shims/utils/quartus_ip/platform_utils_dcfifo_synchronizer_bundle.v'
Parsing design file '/filespace/c/chenke/opae/share/opae/platform/platform_if/sim/../rtl/platform_shims/utils/quartus_ip/platform_utils_std_synchronizer_nocut.v'
Parsing design file '/filespace/c/chenke/RGBSetMeFree/project/sim/rtl/ase_pkg.sv'
Parsing included file '/filespace/c/chenke/RGBSetMeFree/project/sim/rtl/./platform.vh'.
Back to file '/filespace/c/chenke/RGBSetMeFree/project/sim/rtl/ase_pkg.sv'.
Parsing design file '/filespace/c/chenke/RGBSetMeFree/project/sim/rtl/outoforder_wrf_channel.sv'

Lint-[SV-PIU] Package import statement in $unit scope.
/filespace/c/chenke/RGBSetMeFree/project/sim/rtl/outoforder_wrf_channel.sv, 89
$unit
  There is an import statement in $unit scope.
  Although this is legal as per the SystemVerilog LRM, it means that package 
  content will be shared without explicit import of the package.
  Package: ase_pkg::*

Parsing included file '/filespace/c/chenke/RGBSetMeFree/project/sim/rtl/./platform.vh'.
Back to file '/filespace/c/chenke/RGBSetMeFree/project/sim/rtl/outoforder_wrf_channel.sv'.
Parsing design file '/filespace/c/chenke/RGBSetMeFree/project/sim/rtl/inorder_wrf_channel.sv'

Lint-[SV-PIU] Package import statement in $unit scope.
/filespace/c/chenke/RGBSetMeFree/project/sim/rtl/inorder_wrf_channel.sv, 59
$unit
  There is an import statement in $unit scope.
  Although this is legal as per the SystemVerilog LRM, it means that package 
  content will be shared without explicit import of the package.
  Package: ase_pkg::*


Note-[SV-LCM-PPWI] Package previously wildcard imported
/filespace/c/chenke/RGBSetMeFree/project/sim/rtl/inorder_wrf_channel.sv, 59
$unit
  Package 'ase_pkg' already wildcard imported. 
  Ignoring ase_pkg::*
  See the SystemVerilog LRM(1800-2005), section 19.2.1.

Parsing included file '/filespace/c/chenke/RGBSetMeFree/project/sim/rtl/./platform.vh'.
Back to file '/filespace/c/chenke/RGBSetMeFree/project/sim/rtl/inorder_wrf_channel.sv'.
Parsing design file '/filespace/c/chenke/RGBSetMeFree/project/sim/rtl/latency_pipe.sv'
Parsing design file '/filespace/c/chenke/RGBSetMeFree/project/sim/rtl/ccip_emulator.sv'

Lint-[SV-PIU] Package import statement in $unit scope.
/filespace/c/chenke/RGBSetMeFree/project/sim/rtl/ccip_emulator.sv, 46
$unit
  There is an import statement in $unit scope.
  Although this is legal as per the SystemVerilog LRM, it means that package 
  content will be shared without explicit import of the package.
  Package: ase_pkg::*


Note-[SV-LCM-PPWI] Package previously wildcard imported
/filespace/c/chenke/RGBSetMeFree/project/sim/rtl/ccip_emulator.sv, 46
$unit
  Package 'ase_pkg' already wildcard imported. 
  Ignoring ase_pkg::*
  See the SystemVerilog LRM(1800-2005), section 19.2.1.


Lint-[SV-PIU] Package import statement in $unit scope.
/filespace/c/chenke/RGBSetMeFree/project/sim/rtl/ccip_emulator.sv, 47
$unit
  There is an import statement in $unit scope.
  Although this is legal as per the SystemVerilog LRM, it means that package 
  content will be shared without explicit import of the package.
  Package: ccip_if_pkg::*


Note-[SV-LCM-PPWI] Package previously wildcard imported
/filespace/c/chenke/RGBSetMeFree/project/sim/rtl/ccip_emulator.sv, 47
$unit
  Package 'ccip_if_pkg' already wildcard imported. 
  Ignoring ccip_if_pkg::*
  See the SystemVerilog LRM(1800-2005), section 19.2.1.

Parsing included file '/filespace/c/chenke/RGBSetMeFree/project/sim/rtl/./platform.vh'.
Back to file '/filespace/c/chenke/RGBSetMeFree/project/sim/rtl/ccip_emulator.sv'.
Parsing design file '/filespace/c/chenke/RGBSetMeFree/project/sim/rtl/ase_svfifo.sv'
Parsing design file '/filespace/c/chenke/RGBSetMeFree/project/sim/rtl/ccip_logger.sv'

Lint-[SV-PIU] Package import statement in $unit scope.
/filespace/c/chenke/RGBSetMeFree/project/sim/rtl/ccip_logger.sv, 38
$unit
  There is an import statement in $unit scope.
  Although this is legal as per the SystemVerilog LRM, it means that package 
  content will be shared without explicit import of the package.
  Package: ase_pkg::*


Note-[SV-LCM-PPWI] Package previously wildcard imported
/filespace/c/chenke/RGBSetMeFree/project/sim/rtl/ccip_logger.sv, 38
$unit
  Package 'ase_pkg' already wildcard imported. 
  Ignoring ase_pkg::*
  See the SystemVerilog LRM(1800-2005), section 19.2.1.


Lint-[SV-PIU] Package import statement in $unit scope.
/filespace/c/chenke/RGBSetMeFree/project/sim/rtl/ccip_logger.sv, 39
$unit
  There is an import statement in $unit scope.
  Although this is legal as per the SystemVerilog LRM, it means that package 
  content will be shared without explicit import of the package.
  Package: ccip_if_pkg::*


Note-[SV-LCM-PPWI] Package previously wildcard imported
/filespace/c/chenke/RGBSetMeFree/project/sim/rtl/ccip_logger.sv, 39
$unit
  Package 'ccip_if_pkg' already wildcard imported. 
  Ignoring ccip_if_pkg::*
  See the SystemVerilog LRM(1800-2005), section 19.2.1.

Parsing included file '/filespace/c/chenke/RGBSetMeFree/project/sim/rtl/./platform.vh'.
Back to file '/filespace/c/chenke/RGBSetMeFree/project/sim/rtl/ccip_logger.sv'.
Parsing design file '/filespace/c/chenke/RGBSetMeFree/project/sim/rtl/ccip_checker.sv'

Lint-[SV-PIU] Package import statement in $unit scope.
/filespace/c/chenke/RGBSetMeFree/project/sim/rtl/ccip_checker.sv, 51
$unit
  There is an import statement in $unit scope.
  Although this is legal as per the SystemVerilog LRM, it means that package 
  content will be shared without explicit import of the package.
  Package: ase_pkg::*


Note-[SV-LCM-PPWI] Package previously wildcard imported
/filespace/c/chenke/RGBSetMeFree/project/sim/rtl/ccip_checker.sv, 51
$unit
  Package 'ase_pkg' already wildcard imported. 
  Ignoring ase_pkg::*
  See the SystemVerilog LRM(1800-2005), section 19.2.1.


Lint-[SV-PIU] Package import statement in $unit scope.
/filespace/c/chenke/RGBSetMeFree/project/sim/rtl/ccip_checker.sv, 52
$unit
  There is an import statement in $unit scope.
  Although this is legal as per the SystemVerilog LRM, it means that package 
  content will be shared without explicit import of the package.
  Package: ccip_if_pkg::*


Note-[SV-LCM-PPWI] Package previously wildcard imported
/filespace/c/chenke/RGBSetMeFree/project/sim/rtl/ccip_checker.sv, 52
$unit
  Package 'ccip_if_pkg' already wildcard imported. 
  Ignoring ccip_if_pkg::*
  See the SystemVerilog LRM(1800-2005), section 19.2.1.

Parsing included file '/filespace/c/chenke/RGBSetMeFree/project/sim/rtl/./platform.vh'.
Back to file '/filespace/c/chenke/RGBSetMeFree/project/sim/rtl/ccip_checker.sv'.
Parsing design file '/filespace/c/chenke/RGBSetMeFree/project/sim/rtl/ase_top.sv'
Parsing included file '/filespace/c/chenke/opae/share/opae/platform/platform_if/sim/../rtl/platform_if.vh'.
Back to file '/filespace/c/chenke/RGBSetMeFree/project/sim/rtl/ase_top.sv'.
CPU time: .272 seconds to compile
